Flow report for Messbauer_CAMAC_Accumulator
Sat Jan 21 17:21:36 2023
Quartus Prime Version 18.1.0 Build 625 09/12/2018 SJ Standard Edition


---------------------
; Table of Contents ;
---------------------
  1. Legal Notice
  2. Flow Summary
  3. Flow Settings
  4. Flow Non-Default Global Settings
  5. Flow Elapsed Time
  6. Flow OS Summary
  7. Flow Log
  8. Flow Messages
  9. Flow Suppressed Messages



----------------
; Legal Notice ;
----------------
Copyright (C) 2018  Intel Corporation. All rights reserved.
Your use of Intel Corporation's design tools, logic functions 
and other software and tools, and its AMPP partner logic 
functions, and any output files from any of the foregoing 
(including device programming or simulation files), and any 
associated documentation or information are expressly subject 
to the terms and conditions of the Intel Program License 
Subscription Agreement, the Intel Quartus Prime License Agreement,
the Intel FPGA IP License Agreement, or other applicable license
agreement, including, without limitation, that your use is for
the sole purpose of programming logic devices manufactured by
Intel and sold by Intel or its authorized distributors.  Please
refer to the applicable agreement for further details.



+--------------------------------------------------------------------------------------+
; Flow Summary                                                                         ;
+------------------------------------+-------------------------------------------------+
; Flow Status                        ; Successful - Sat Jan 21 17:21:36 2023           ;
; Quartus Prime Version              ; 18.1.0 Build 625 09/12/2018 SJ Standard Edition ;
; Revision Name                      ; Messbauer_CAMAC_Accumulator                     ;
; Top-level Entity Name              ; Messbauer_CAMAC_Accumulator                     ;
; Family                             ; Cyclone IV E                                    ;
; Total logic elements               ; 12 / 6,272 ( < 1 % )                            ;
;     Total combinational functions  ; 12 / 6,272 ( < 1 % )                            ;
;     Dedicated logic registers      ; 3 / 6,272 ( < 1 % )                             ;
; Total registers                    ; 3                                               ;
; Total pins                         ; 73 / 180 ( 41 % )                               ;
; Total virtual pins                 ; 0                                               ;
; Total memory bits                  ; 0 / 276,480 ( 0 % )                             ;
; Embedded Multiplier 9-bit elements ; 0 / 30 ( 0 % )                                  ;
; Total PLLs                         ; 0 / 2 ( 0 % )                                   ;
; Device                             ; EP4CE6F17C6                                     ;
; Timing Models                      ; Final                                           ;
+------------------------------------+-------------------------------------------------+


+-------------------------------------------------+
; Flow Settings                                   ;
+-------------------+-----------------------------+
; Option            ; Setting                     ;
+-------------------+-----------------------------+
; Start date & time ; 01/21/2023 17:20:56         ;
; Main task         ; Compilation                 ;
; Revision Name     ; Messbauer_CAMAC_Accumulator ;
+-------------------+-----------------------------+


+----------------------------------------------------------------------------------------------------------------------------------------------+
; Flow Non-Default Global Settings                                                                                                             ;
+--------------------------------------+----------------------------------------+---------------+-------------+--------------------------------+
; Assignment Name                      ; Value                                  ; Default Value ; Entity Name ; Section Id                     ;
+--------------------------------------+----------------------------------------+---------------+-------------+--------------------------------+
; COMPILER_SIGNATURE_ID                ; 202960202627690.167430365612384        ; --            ; --          ; --                             ;
; EDA_DESIGN_INSTANCE_NAME             ; NA                                     ; --            ; --          ; Messbauer_CAMAC_Accumulator_tb ;
; EDA_NATIVELINK_SIMULATION_TEST_BENCH ; Messbauer_CAMAC_Accumulator_tb         ; --            ; --          ; eda_simulation                 ;
; EDA_OUTPUT_DATA_FORMAT               ; Verilog Hdl                            ; --            ; --          ; eda_simulation                 ;
; EDA_SIMULATION_TOOL                  ; ModelSim (Verilog)                     ; <None>        ; --          ; --                             ;
; EDA_TEST_BENCH_ENABLE_STATUS         ; TEST_BENCH_MODE                        ; --            ; --          ; eda_simulation                 ;
; EDA_TEST_BENCH_FILE                  ; Messbauer_CAMAC_Accumulator_tb.v       ; --            ; --          ; Messbauer_CAMAC_Accumulator_tb ;
; EDA_TEST_BENCH_MODULE_NAME           ; Messbauer_CAMAC_Accumulator_tb         ; --            ; --          ; Messbauer_CAMAC_Accumulator_tb ;
; EDA_TEST_BENCH_NAME                  ; Messbauer_CAMAC_Accumulator_tb         ; --            ; --          ; eda_simulation                 ;
; EDA_TIME_SCALE                       ; 1 ps                                   ; --            ; --          ; eda_simulation                 ;
; PARTITION_COLOR                      ; -- (Not supported for targeted family) ; --            ; --          ; Top                            ;
; PARTITION_FITTER_PRESERVATION_LEVEL  ; -- (Not supported for targeted family) ; --            ; --          ; Top                            ;
; PARTITION_NETLIST_TYPE               ; -- (Not supported for targeted family) ; --            ; --          ; Top                            ;
; PROJECT_OUTPUT_DIRECTORY             ; output_files                           ; --            ; --          ; --                             ;
+--------------------------------------+----------------------------------------+---------------+-------------+--------------------------------+


+--------------------------------------------------------------------------------------------------------------------------+
; Flow Elapsed Time                                                                                                        ;
+----------------------+--------------+-------------------------+---------------------+------------------------------------+
; Module Name          ; Elapsed Time ; Average Processors Used ; Peak Virtual Memory ; Total CPU Time (on all processors) ;
+----------------------+--------------+-------------------------+---------------------+------------------------------------+
; Analysis & Synthesis ; 00:00:21     ; 1.0                     ; 4762 MB             ; 00:00:36                           ;
; Fitter               ; 00:00:08     ; 1.0                     ; 5520 MB             ; 00:00:08                           ;
; Assembler            ; 00:00:01     ; 1.0                     ; 4670 MB             ; 00:00:01                           ;
; Timing Analyzer      ; 00:00:03     ; 1.0                     ; 4765 MB             ; 00:00:03                           ;
; EDA Netlist Writer   ; 00:00:02     ; 1.0                     ; 4637 MB             ; 00:00:02                           ;
; Total                ; 00:00:35     ; --                      ; --                  ; 00:00:50                           ;
+----------------------+--------------+-------------------------+---------------------+------------------------------------+


+------------------------------------------------------------------------------------+
; Flow OS Summary                                                                    ;
+----------------------+------------------+------------+------------+----------------+
; Module Name          ; Machine Hostname ; OS Name    ; OS Version ; Processor type ;
+----------------------+------------------+------------+------------+----------------+
; Analysis & Synthesis ; Computer         ; Windows 10 ; 10.0       ; x86_64         ;
; Fitter               ; Computer         ; Windows 10 ; 10.0       ; x86_64         ;
; Assembler            ; Computer         ; Windows 10 ; 10.0       ; x86_64         ;
; Timing Analyzer      ; Computer         ; Windows 10 ; 10.0       ; x86_64         ;
; EDA Netlist Writer   ; Computer         ; Windows 10 ; 10.0       ; x86_64         ;
+----------------------+------------------+------------+------------+----------------+


------------
; Flow Log ;
------------
quartus_map --read_settings_files=on --write_settings_files=off Messbauer_CAMAC_Accumulator -c Messbauer_CAMAC_Accumulator
quartus_fit --read_settings_files=off --write_settings_files=off Messbauer_CAMAC_Accumulator -c Messbauer_CAMAC_Accumulator
quartus_asm --read_settings_files=off --write_settings_files=off Messbauer_CAMAC_Accumulator -c Messbauer_CAMAC_Accumulator
quartus_sta Messbauer_CAMAC_Accumulator -c Messbauer_CAMAC_Accumulator
quartus_eda --read_settings_files=off --write_settings_files=off Messbauer_CAMAC_Accumulator -c Messbauer_CAMAC_Accumulator



